<?xml version="1.0" encoding="UTF-8"?>
<testng-results ignored="0" total="1" passed="1" failed="0" skipped="0">
  <reporter-output>
  </reporter-output>
  <suite started-at="2024-03-01T08:21:50 EST" name="Default suite" finished-at="2024-03-01T08:21:59 EST" duration-ms="9551">
    <groups>
    </groups>
    <test started-at="2024-03-01T08:21:50 EST" name="Default test" finished-at="2024-03-01T08:21:59 EST" duration-ms="9551">
      <class name="com.bankrate.HomePage.HomePage">
        <test-method signature="homePage()[pri:0, instance:com.bankrate.HomePage.HomePage@37d4349f]" started-at="2024-03-01T08:21:50 EST" name="homePage" finished-at="2024-03-01T08:21:59 EST" duration-ms="9496" status="PASS">
          <reporter-output>
          </reporter-output>
        </test-method> <!-- homePage -->
      </class> <!-- com.bankrate.HomePage.HomePage -->
    </test> <!-- Default test -->
  </suite> <!-- Default suite -->
</testng-results>
